2025-09-11 00:09:13,723 INFO Iniciando monitor - interval_sec=30, targets=2
2025-09-11 00:09:13,729 INFO [local-prometheus] status=active
2025-09-11 00:09:33,750 ERROR [remote-prometheus] error al consultar estado: Command 'ssh -p 22 -o BatchMode=yes -o StrictHostKeyChecking=accept-new svcctl@10.10.0.15 systemctl is-active prometheus.service' timed out after 20 seconds
2025-09-11 00:09:43,733 INFO [local-prometheus] status=active
2025-09-11 00:17:32,343 INFO Iniciando monitor - interval_sec=30, targets=2
2025-09-11 00:17:32,348 INFO [local-prometheus] status=active active=True
2025-09-11 00:17:52,370 ERROR [remote-prometheus] error al consultar estado: Command 'ssh -p 22 -o BatchMode=yes -o StrictHostKeyChecking=accept-new svcctl@10.10.0.15 systemctl is-active prometheus.service' timed out after 20 seconds
2025-09-11 00:18:02,351 INFO [local-prometheus] status=active active=True
2025-09-11 00:18:49,373 INFO Iniciando monitor - interval_sec=30, targets=1
2025-09-11 00:18:49,378 INFO [local-prometheus] status=active active=True
2025-09-11 00:19:19,382 INFO [local-prometheus] status=active active=True
2025-09-11 00:19:21,866 INFO Iniciando monitor - interval_sec=30, targets=1
2025-09-11 00:19:21,874 INFO [local-prometheus] status=active active=True
2025-09-11 00:19:51,875 INFO [local-prometheus] status=active active=True
2025-09-11 00:20:21,876 INFO [local-prometheus] status=active active=True
2025-09-11 00:20:51,873 INFO [local-prometheus] status=active active=True
2025-09-11 00:21:21,877 INFO [local-prometheus] status=active active=True
2025-09-11 00:21:51,874 INFO [local-prometheus] status=active active=True
2025-09-11 00:22:21,872 INFO [local-prometheus] status=active active=True
2025-09-11 00:22:51,876 INFO [local-prometheus] status=active active=True
2025-09-11 00:23:21,874 INFO [local-prometheus] status=active active=True
2025-09-11 00:23:56,152 INFO Iniciando monitor con 1 targets
2025-09-11 00:23:56,157 INFO [local-prometheus] status=active active=True
2025-09-11 00:24:11,170 INFO [local-prometheus] status=active active=True
2025-09-11 00:24:17,360 INFO Iniciando monitor con 1 targets
2025-09-11 00:24:17,366 INFO [local-prometheus] status=active active=True
2025-09-11 00:24:20,376 INFO [local-prometheus] status=active active=True
2025-09-11 00:24:23,386 INFO [local-prometheus] status=active active=True
2025-09-11 00:24:26,395 INFO [local-prometheus] status=active active=True
2025-09-11 00:24:29,405 INFO [local-prometheus] status=active active=True
2025-09-11 00:24:32,415 INFO [local-prometheus] status=active active=True
2025-09-11 00:24:35,424 INFO [local-prometheus] status=active active=True
2025-09-11 00:24:43,920 INFO Iniciando monitor con 1 targets
2025-09-11 00:24:43,925 INFO [local-prometheus] status=active active=True
2025-09-11 00:24:53,937 INFO [local-prometheus] status=active active=True
2025-09-11 00:25:03,948 INFO [local-prometheus] status=inactive active=False
2025-09-11 00:25:03,948 WARNING [local-prometheus] servicio 'prometheus.service' no está activo (status=inactive). Intentando restart...
2025-09-11 00:25:10,512 INFO [local-prometheus] restart ejecutado correctamente
2025-09-11 00:25:14,521 INFO [local-prometheus] status=active active=True
2025-09-11 00:25:24,530 INFO [local-prometheus] status=active active=True
2025-09-11 00:25:34,541 INFO [local-prometheus] status=active active=True
2025-09-11 00:25:44,552 INFO [local-prometheus] status=active active=True
2025-09-11 00:25:54,564 INFO [local-prometheus] status=active active=True
2025-09-11 00:26:04,575 INFO [local-prometheus] status=active active=True
2025-09-11 00:26:14,587 INFO [local-prometheus] status=active active=True
2025-09-11 00:26:24,600 INFO [local-prometheus] status=active active=True
2025-09-11 00:26:34,613 INFO [local-prometheus] status=active active=True
2025-09-11 00:26:44,625 INFO [local-prometheus] status=active active=True
2025-09-11 00:26:54,637 INFO [local-prometheus] status=active active=True
2025-09-11 00:27:04,650 INFO [local-prometheus] status=active active=True
2025-09-11 00:27:14,663 INFO [local-prometheus] status=active active=True
2025-09-11 00:27:24,674 INFO [local-prometheus] status=active active=True
2025-09-11 00:27:34,686 INFO [local-prometheus] status=active active=True
2025-09-11 00:27:44,698 INFO [local-prometheus] status=active active=True
2025-09-11 00:27:54,709 INFO [local-prometheus] status=active active=True
2025-09-11 00:28:04,718 INFO [local-prometheus] status=active active=True
2025-09-11 00:28:14,730 INFO [local-prometheus] status=active active=True
2025-09-11 00:28:24,738 INFO [local-prometheus] status=active active=True
2025-09-11 00:28:34,749 INFO [local-prometheus] status=active active=True
2025-09-11 00:28:44,761 INFO [local-prometheus] status=active active=True
2025-09-11 00:28:54,770 INFO [local-prometheus] status=active active=True
2025-09-11 00:29:04,782 INFO [local-prometheus] status=active active=True
2025-09-11 00:29:14,794 INFO [local-prometheus] status=active active=True
2025-09-11 00:29:24,801 INFO [local-prometheus] status=active active=True
2025-09-11 00:29:34,810 INFO [local-prometheus] status=active active=True
2025-09-11 00:29:44,818 INFO [local-prometheus] status=active active=True
2025-09-11 00:29:54,825 INFO [local-prometheus] status=active active=True
2025-09-11 00:30:04,834 INFO [local-prometheus] status=active active=True
2025-09-11 00:30:14,846 INFO [local-prometheus] status=active active=True
2025-09-11 00:30:24,858 INFO [local-prometheus] status=active active=True
2025-09-11 00:30:34,869 INFO [local-prometheus] status=active active=True
2025-09-11 00:30:44,881 INFO [local-prometheus] status=active active=True
2025-09-11 00:30:54,893 INFO [local-prometheus] status=active active=True
2025-09-11 00:31:04,905 INFO [local-prometheus] status=active active=True
2025-09-11 00:31:14,917 INFO [local-prometheus] status=active active=True
2025-09-11 00:31:24,926 INFO [local-prometheus] status=active active=True
2025-09-11 00:31:34,938 INFO [local-prometheus] status=active active=True
2025-09-11 00:31:44,946 INFO [local-prometheus] status=active active=True
2025-09-11 00:31:54,958 INFO [local-prometheus] status=active active=True
2025-09-11 00:32:04,968 INFO [local-prometheus] status=active active=True
2025-09-11 00:32:14,978 INFO [local-prometheus] status=active active=True
2025-09-11 00:32:24,988 INFO [local-prometheus] status=active active=True
2025-09-11 00:32:34,998 INFO [local-prometheus] status=active active=True
2025-09-11 00:32:45,009 INFO [local-prometheus] status=active active=True
2025-09-11 00:32:55,018 INFO [local-prometheus] status=active active=True
2025-09-11 00:33:05,030 INFO [local-prometheus] status=active active=True
2025-09-11 00:33:15,041 INFO [local-prometheus] status=active active=True
2025-09-11 00:33:25,053 INFO [local-prometheus] status=active active=True
2025-09-11 00:33:35,065 INFO [local-prometheus] status=active active=True
2025-09-11 00:33:45,078 INFO [local-prometheus] status=active active=True
2025-09-11 00:33:55,089 INFO [local-prometheus] status=active active=True
2025-09-11 00:34:05,102 INFO [local-prometheus] status=active active=True
2025-09-11 00:34:15,114 INFO [local-prometheus] status=active active=True
2025-09-11 00:34:25,128 INFO [local-prometheus] status=active active=True
2025-09-11 00:34:35,140 INFO [local-prometheus] status=active active=True
2025-09-11 00:34:45,151 INFO [local-prometheus] status=active active=True
2025-09-11 00:34:55,163 INFO [local-prometheus] status=active active=True
2025-09-11 00:35:05,176 INFO [local-prometheus] status=active active=True
2025-09-11 00:35:15,188 INFO [local-prometheus] status=active active=True
2025-09-11 00:35:25,202 INFO [local-prometheus] status=active active=True
2025-09-11 00:35:35,215 INFO [local-prometheus] status=active active=True
2025-09-11 00:35:45,228 INFO [local-prometheus] status=active active=True
2025-09-11 00:35:55,238 INFO [local-prometheus] status=active active=True
2025-09-11 00:36:05,250 INFO [local-prometheus] status=active active=True
2025-09-11 00:36:15,262 INFO [local-prometheus] status=active active=True
2025-09-11 00:36:25,274 INFO [local-prometheus] status=active active=True
2025-09-11 00:36:35,286 INFO [local-prometheus] status=active active=True
2025-09-11 00:36:45,298 INFO [local-prometheus] status=active active=True
2025-09-11 00:36:55,312 INFO [local-prometheus] status=active active=True
2025-09-11 00:37:05,325 INFO [local-prometheus] status=active active=True
2025-09-11 00:37:15,334 INFO [local-prometheus] status=active active=True
2025-09-11 00:37:25,343 INFO [local-prometheus] status=active active=True
2025-09-11 00:37:35,351 INFO [local-prometheus] status=active active=True
2025-09-11 00:37:45,359 INFO [local-prometheus] status=active active=True
2025-09-11 00:37:55,371 INFO [local-prometheus] status=active active=True
2025-09-11 00:38:05,382 INFO [local-prometheus] status=active active=True
2025-09-11 00:38:15,394 INFO [local-prometheus] status=active active=True
2025-09-11 00:38:25,406 INFO [local-prometheus] status=active active=True
2025-09-11 00:38:35,419 INFO [local-prometheus] status=active active=True
2025-09-11 00:38:45,430 INFO [local-prometheus] status=active active=True
2025-09-11 00:38:55,440 INFO [local-prometheus] status=active active=True
2025-09-11 00:39:05,451 INFO [local-prometheus] status=active active=True
2025-09-11 00:39:15,462 INFO [local-prometheus] status=active active=True
2025-09-11 00:39:25,471 INFO [local-prometheus] status=active active=True
2025-09-11 00:39:35,482 INFO [local-prometheus] status=active active=True
2025-09-11 00:39:45,492 INFO [local-prometheus] status=active active=True
2025-09-11 00:39:55,503 INFO [local-prometheus] status=active active=True
2025-09-11 00:40:05,514 INFO [local-prometheus] status=active active=True
2025-09-11 00:40:15,526 INFO [local-prometheus] status=active active=True
2025-09-11 00:40:25,538 INFO [local-prometheus] status=active active=True
2025-09-11 00:40:35,550 INFO [local-prometheus] status=active active=True
2025-09-11 00:40:45,558 INFO [local-prometheus] status=active active=True
2025-09-11 00:40:55,569 INFO [local-prometheus] status=active active=True
2025-09-11 00:41:05,579 INFO [local-prometheus] status=active active=True
2025-09-11 00:41:15,588 INFO [local-prometheus] status=active active=True
2025-09-11 00:41:25,599 INFO [local-prometheus] status=active active=True
2025-09-11 00:41:35,611 INFO [local-prometheus] status=active active=True
2025-09-11 00:41:45,622 INFO [local-prometheus] status=active active=True
2025-09-11 00:41:55,635 INFO [local-prometheus] status=active active=True
2025-09-11 00:42:05,647 INFO [local-prometheus] status=active active=True
2025-09-11 00:42:15,657 INFO [local-prometheus] status=active active=True
2025-09-11 00:42:25,663 INFO [local-prometheus] status=active active=True
2025-09-11 00:42:35,670 INFO [local-prometheus] status=active active=True
2025-09-11 00:42:45,680 INFO [local-prometheus] status=active active=True
2025-09-11 00:42:55,688 INFO [local-prometheus] status=active active=True
2025-09-11 00:43:05,694 INFO [local-prometheus] status=active active=True
2025-09-11 00:43:15,703 INFO [local-prometheus] status=active active=True
2025-09-11 00:43:25,711 INFO [local-prometheus] status=active active=True
2025-09-11 00:43:35,720 INFO [local-prometheus] status=active active=True
2025-09-11 00:43:45,729 INFO [local-prometheus] status=active active=True
2025-09-11 00:43:55,737 INFO [local-prometheus] status=active active=True
2025-09-11 00:44:05,747 INFO [local-prometheus] status=active active=True
2025-09-11 00:44:15,756 INFO [local-prometheus] status=active active=True
2025-09-11 00:44:25,766 INFO [local-prometheus] status=active active=True
2025-09-11 00:44:35,775 INFO [local-prometheus] status=active active=True
2025-09-11 00:44:45,784 INFO [local-prometheus] status=active active=True
2025-09-11 00:44:55,791 INFO [local-prometheus] status=active active=True
2025-09-11 00:45:05,798 INFO [local-prometheus] status=active active=True
2025-09-11 00:45:15,807 INFO [local-prometheus] status=active active=True
2025-09-11 00:45:25,814 INFO [local-prometheus] status=active active=True
2025-09-11 00:45:35,823 INFO [local-prometheus] status=active active=True
2025-09-11 00:45:45,833 INFO [local-prometheus] status=active active=True
2025-09-11 00:45:55,842 INFO [local-prometheus] status=active active=True
2025-09-11 00:46:05,851 INFO [local-prometheus] status=active active=True
2025-09-11 00:46:15,860 INFO [local-prometheus] status=active active=True
2025-09-11 00:46:25,873 INFO [local-prometheus] status=active active=True
2025-09-11 00:46:35,887 INFO [local-prometheus] status=active active=True
2025-09-11 00:46:45,901 INFO [local-prometheus] status=active active=True
2025-09-11 00:46:55,916 INFO [local-prometheus] status=active active=True
2025-09-11 00:47:05,932 INFO [local-prometheus] status=active active=True
2025-09-11 00:47:15,947 INFO [local-prometheus] status=active active=True
2025-09-11 00:47:25,960 INFO [local-prometheus] status=active active=True
2025-09-11 00:47:35,972 INFO [local-prometheus] status=active active=True
2025-09-11 00:47:45,983 INFO [local-prometheus] status=active active=True
2025-09-11 00:47:55,993 INFO [local-prometheus] status=active active=True
2025-09-11 00:48:06,004 INFO [local-prometheus] status=active active=True
2025-09-11 00:48:16,016 INFO [local-prometheus] status=active active=True
2025-09-11 00:48:26,026 INFO [local-prometheus] status=active active=True
2025-09-11 00:48:36,040 INFO [local-prometheus] status=active active=True
2025-09-11 00:48:46,054 INFO [local-prometheus] status=active active=True
2025-09-11 00:48:56,066 INFO [local-prometheus] status=active active=True
2025-09-11 00:49:06,079 INFO [local-prometheus] status=active active=True
2025-09-11 00:49:16,091 INFO [local-prometheus] status=active active=True
2025-09-11 00:49:26,101 INFO [local-prometheus] status=active active=True
2025-09-11 00:49:36,113 INFO [local-prometheus] status=active active=True
2025-09-11 00:49:46,126 INFO [local-prometheus] status=active active=True
2025-09-11 00:49:56,139 INFO [local-prometheus] status=active active=True
2025-09-11 00:50:06,150 INFO [local-prometheus] status=active active=True
2025-09-11 00:50:16,162 INFO [local-prometheus] status=active active=True
2025-09-11 00:50:26,174 INFO [local-prometheus] status=active active=True
2025-09-11 00:50:36,186 INFO [local-prometheus] status=active active=True
2025-09-11 00:50:46,198 INFO [local-prometheus] status=active active=True
2025-09-11 00:50:56,210 INFO [local-prometheus] status=active active=True
2025-09-11 00:51:06,222 INFO [local-prometheus] status=active active=True
2025-09-11 00:51:16,233 INFO [local-prometheus] status=active active=True
2025-09-11 00:51:26,244 INFO [local-prometheus] status=active active=True
2025-09-11 00:51:36,256 INFO [local-prometheus] status=active active=True
2025-09-11 00:51:46,268 INFO [local-prometheus] status=active active=True
2025-09-11 00:51:56,281 INFO [local-prometheus] status=active active=True
2025-09-11 00:52:06,293 INFO [local-prometheus] status=active active=True
2025-09-11 00:52:16,304 INFO [local-prometheus] status=active active=True
2025-09-11 00:52:26,315 INFO [local-prometheus] status=active active=True
2025-09-11 00:52:36,324 INFO [local-prometheus] status=active active=True
2025-09-11 00:52:46,335 INFO [local-prometheus] status=active active=True
2025-09-11 00:52:56,346 INFO [local-prometheus] status=active active=True
2025-09-11 00:53:06,357 INFO [local-prometheus] status=active active=True
2025-09-11 00:53:16,369 INFO [local-prometheus] status=active active=True
2025-09-11 00:53:26,382 INFO [local-prometheus] status=active active=True
2025-09-11 00:53:36,394 INFO [local-prometheus] status=active active=True
2025-09-11 00:53:46,406 INFO [local-prometheus] status=active active=True
2025-09-11 00:53:56,418 INFO [local-prometheus] status=active active=True
2025-09-11 00:54:06,429 INFO [local-prometheus] status=active active=True
2025-09-11 00:54:16,442 INFO [local-prometheus] status=active active=True
2025-09-11 00:54:26,454 INFO [local-prometheus] status=active active=True
2025-09-11 00:54:36,467 INFO [local-prometheus] status=active active=True
2025-09-11 00:54:46,480 INFO [local-prometheus] status=active active=True
2025-09-11 00:54:56,492 INFO [local-prometheus] status=active active=True
2025-09-11 00:55:06,503 INFO [local-prometheus] status=active active=True
2025-09-11 00:55:16,515 INFO [local-prometheus] status=active active=True
2025-09-11 00:55:26,527 INFO [local-prometheus] status=active active=True
2025-09-11 00:55:36,539 INFO [local-prometheus] status=active active=True
2025-09-11 00:55:46,553 INFO [local-prometheus] status=active active=True
2025-09-11 00:55:56,564 INFO [local-prometheus] status=active active=True
2025-09-11 00:56:06,575 INFO [local-prometheus] status=active active=True
2025-09-11 00:56:16,587 INFO [local-prometheus] status=active active=True
2025-09-11 00:56:26,599 INFO [local-prometheus] status=active active=True
2025-09-11 00:56:36,610 INFO [local-prometheus] status=active active=True
2025-09-11 00:56:46,617 INFO [local-prometheus] status=active active=True
2025-09-11 00:56:56,624 INFO [local-prometheus] status=active active=True
2025-09-11 00:57:06,630 INFO [local-prometheus] status=active active=True
2025-09-11 00:57:16,640 INFO [local-prometheus] status=active active=True
2025-09-11 00:57:26,649 INFO [local-prometheus] status=active active=True
2025-09-11 00:57:36,659 INFO [local-prometheus] status=active active=True
2025-09-11 00:57:46,667 INFO [local-prometheus] status=active active=True
2025-09-11 00:57:56,674 INFO [local-prometheus] status=active active=True
2025-09-11 00:58:06,685 INFO [local-prometheus] status=active active=True
2025-09-11 00:58:16,692 INFO [local-prometheus] status=active active=True
2025-09-11 00:58:26,699 INFO [local-prometheus] status=active active=True
2025-09-11 00:58:36,706 INFO [local-prometheus] status=active active=True
2025-09-11 00:58:46,716 INFO [local-prometheus] status=active active=True
2025-09-11 00:58:56,723 INFO [local-prometheus] status=active active=True
2025-09-11 00:59:06,733 INFO [local-prometheus] status=active active=True
2025-09-11 00:59:16,743 INFO [local-prometheus] status=active active=True
2025-09-11 00:59:26,752 INFO [local-prometheus] status=active active=True
2025-09-11 00:59:36,761 INFO [local-prometheus] status=active active=True
2025-09-11 00:59:46,770 INFO [local-prometheus] status=active active=True
2025-09-11 00:59:56,778 INFO [local-prometheus] status=active active=True
2025-09-11 01:00:06,786 INFO [local-prometheus] status=active active=True
2025-09-11 01:00:16,793 INFO [local-prometheus] status=active active=True
2025-09-11 01:00:26,801 INFO [local-prometheus] status=active active=True
2025-09-11 01:00:36,810 INFO [local-prometheus] status=active active=True
2025-09-11 01:00:46,817 INFO [local-prometheus] status=active active=True
2025-09-11 01:00:56,825 INFO [local-prometheus] status=active active=True
2025-09-11 01:01:06,832 INFO [local-prometheus] status=active active=True
2025-09-11 01:01:16,839 INFO [local-prometheus] status=active active=True
2025-09-11 01:01:26,845 INFO [local-prometheus] status=active active=True
2025-09-11 01:01:36,853 INFO [local-prometheus] status=active active=True
2025-09-11 01:01:46,860 INFO [local-prometheus] status=active active=True
2025-09-11 01:01:56,868 INFO [local-prometheus] status=active active=True
2025-09-11 01:02:06,878 INFO [local-prometheus] status=active active=True
2025-09-11 01:02:16,887 INFO [local-prometheus] status=active active=True
2025-09-11 01:02:26,893 INFO [local-prometheus] status=active active=True
2025-09-11 01:02:36,900 INFO [local-prometheus] status=active active=True
2025-09-11 01:02:46,908 INFO [local-prometheus] status=active active=True
2025-09-11 01:02:56,914 INFO [local-prometheus] status=active active=True
2025-09-11 01:03:06,923 INFO [local-prometheus] status=active active=True
2025-09-11 01:03:16,932 INFO [local-prometheus] status=active active=True
2025-09-11 01:03:26,940 INFO [local-prometheus] status=active active=True
2025-09-11 01:03:36,948 INFO [local-prometheus] status=active active=True
2025-09-11 01:03:46,954 INFO [local-prometheus] status=active active=True
2025-09-11 01:03:56,962 INFO [local-prometheus] status=active active=True
2025-09-11 01:04:06,969 INFO [local-prometheus] status=active active=True
2025-09-11 01:04:16,978 INFO [local-prometheus] status=active active=True
2025-09-11 01:04:26,984 INFO [local-prometheus] status=active active=True
2025-09-11 01:04:36,991 INFO [local-prometheus] status=active active=True
2025-09-11 01:04:46,999 INFO [local-prometheus] status=active active=True
2025-09-11 01:04:57,007 INFO [local-prometheus] status=active active=True
2025-09-11 01:05:07,014 INFO [local-prometheus] status=active active=True
2025-09-11 01:05:17,020 INFO [local-prometheus] status=active active=True
2025-09-11 01:05:27,028 INFO [local-prometheus] status=active active=True
2025-09-11 01:05:37,037 INFO [local-prometheus] status=active active=True
2025-09-11 01:05:47,045 INFO [local-prometheus] status=active active=True
2025-09-11 01:05:57,054 INFO [local-prometheus] status=active active=True
2025-09-11 01:06:07,064 INFO [local-prometheus] status=active active=True
2025-09-11 01:06:17,070 INFO [local-prometheus] status=active active=True
2025-09-11 01:06:27,077 INFO [local-prometheus] status=active active=True
2025-09-11 01:06:37,085 INFO [local-prometheus] status=active active=True
2025-09-11 01:06:47,092 INFO [local-prometheus] status=active active=True
2025-09-11 01:06:57,098 INFO [local-prometheus] status=active active=True
2025-09-11 01:07:07,105 INFO [local-prometheus] status=active active=True
2025-09-11 01:07:17,113 INFO [local-prometheus] status=active active=True
2025-09-11 01:07:27,121 INFO [local-prometheus] status=active active=True
2025-09-11 01:07:37,129 INFO [local-prometheus] status=active active=True
2025-09-11 01:07:47,140 INFO [local-prometheus] status=active active=True
2025-09-11 01:07:57,149 INFO [local-prometheus] status=active active=True
2025-09-11 01:08:07,159 INFO [local-prometheus] status=active active=True
2025-09-11 01:08:17,168 INFO [local-prometheus] status=active active=True
2025-09-11 01:08:27,177 INFO [local-prometheus] status=active active=True
2025-09-11 01:08:37,184 INFO [local-prometheus] status=active active=True
2025-09-11 01:08:47,193 INFO [local-prometheus] status=active active=True
2025-09-11 01:08:57,201 INFO [local-prometheus] status=active active=True
2025-09-11 01:09:07,209 INFO [local-prometheus] status=active active=True
2025-09-11 01:09:17,218 INFO [local-prometheus] status=active active=True
2025-09-11 01:09:27,227 INFO [local-prometheus] status=active active=True
2025-09-11 01:09:37,235 INFO [local-prometheus] status=active active=True
2025-09-11 01:09:47,243 INFO [local-prometheus] status=active active=True
2025-09-11 01:09:57,253 INFO [local-prometheus] status=active active=True
2025-09-11 01:10:07,263 INFO [local-prometheus] status=active active=True
2025-09-11 01:10:17,270 INFO [local-prometheus] status=active active=True
2025-09-11 01:10:27,281 INFO [local-prometheus] status=active active=True
2025-09-11 01:10:37,291 INFO [local-prometheus] status=active active=True
2025-09-11 01:10:47,299 INFO [local-prometheus] status=active active=True
2025-09-11 01:10:57,305 INFO [local-prometheus] status=active active=True
2025-09-11 01:11:07,313 INFO [local-prometheus] status=active active=True
2025-09-11 01:11:17,320 INFO [local-prometheus] status=active active=True
2025-09-11 01:11:27,329 INFO [local-prometheus] status=active active=True
2025-09-11 01:11:37,337 INFO [local-prometheus] status=active active=True
2025-09-11 01:11:47,346 INFO [local-prometheus] status=active active=True
2025-09-11 01:11:57,356 INFO [local-prometheus] status=active active=True
2025-09-11 01:12:07,366 INFO [local-prometheus] status=active active=True
2025-09-11 01:12:17,375 INFO [local-prometheus] status=active active=True
2025-09-11 01:12:27,384 INFO [local-prometheus] status=active active=True
2025-09-11 01:12:37,393 INFO [local-prometheus] status=active active=True
2025-09-11 01:12:47,401 INFO [local-prometheus] status=active active=True
2025-09-11 01:12:57,410 INFO [local-prometheus] status=active active=True
2025-09-11 01:13:07,418 INFO [local-prometheus] status=active active=True
2025-09-11 01:13:17,428 INFO [local-prometheus] status=active active=True
2025-09-11 01:13:27,438 INFO [local-prometheus] status=active active=True
2025-09-11 01:13:37,447 INFO [local-prometheus] status=active active=True
2025-09-11 01:13:47,455 INFO [local-prometheus] status=active active=True
2025-09-11 01:13:57,465 INFO [local-prometheus] status=active active=True
2025-09-11 01:14:07,473 INFO [local-prometheus] status=active active=True
2025-09-11 01:14:17,480 INFO [local-prometheus] status=active active=True
2025-09-11 01:14:27,490 INFO [local-prometheus] status=active active=True
2025-09-11 01:14:37,499 INFO [local-prometheus] status=active active=True
2025-09-11 01:14:47,507 INFO [local-prometheus] status=active active=True
2025-09-11 01:14:57,515 INFO [local-prometheus] status=active active=True
2025-09-11 01:15:07,523 INFO [local-prometheus] status=active active=True
2025-09-11 01:15:17,532 INFO [local-prometheus] status=active active=True
2025-09-11 01:15:27,542 INFO [local-prometheus] status=active active=True
2025-09-11 01:15:37,554 INFO [local-prometheus] status=active active=True
2025-09-11 01:15:47,561 INFO [local-prometheus] status=active active=True
2025-09-11 01:15:57,570 INFO [local-prometheus] status=active active=True
2025-09-11 01:16:07,576 INFO [local-prometheus] status=active active=True
2025-09-11 01:16:17,585 INFO [local-prometheus] status=active active=True
2025-09-11 01:16:27,592 INFO [local-prometheus] status=active active=True
2025-09-11 01:16:37,600 INFO [local-prometheus] status=active active=True
2025-09-11 01:16:47,607 INFO [local-prometheus] status=active active=True
2025-09-11 01:16:57,616 INFO [local-prometheus] status=active active=True
2025-09-11 01:17:07,624 INFO [local-prometheus] status=active active=True
2025-09-11 01:17:17,631 INFO [local-prometheus] status=active active=True
2025-09-11 01:17:27,639 INFO [local-prometheus] status=active active=True
2025-09-11 01:17:37,647 INFO [local-prometheus] status=active active=True
2025-09-11 01:17:47,654 INFO [local-prometheus] status=active active=True
2025-09-11 01:17:57,663 INFO [local-prometheus] status=active active=True
2025-09-11 01:18:07,671 INFO [local-prometheus] status=active active=True
2025-09-11 01:18:17,680 INFO [local-prometheus] status=active active=True
2025-09-11 01:18:27,687 INFO [local-prometheus] status=active active=True
2025-09-11 01:18:37,698 INFO [local-prometheus] status=active active=True
2025-09-11 01:18:47,707 INFO [local-prometheus] status=active active=True
2025-09-11 01:18:57,713 INFO [local-prometheus] status=active active=True
2025-09-11 01:19:07,721 INFO [local-prometheus] status=active active=True
2025-09-11 01:19:17,730 INFO [local-prometheus] status=active active=True
2025-09-11 01:19:27,740 INFO [local-prometheus] status=active active=True
2025-09-11 01:19:37,748 INFO [local-prometheus] status=active active=True
2025-09-11 01:19:47,757 INFO [local-prometheus] status=active active=True
2025-09-11 01:19:57,767 INFO [local-prometheus] status=active active=True
2025-09-11 01:20:07,776 INFO [local-prometheus] status=active active=True
2025-09-11 01:20:17,787 INFO [local-prometheus] status=active active=True
2025-09-11 01:20:27,794 INFO [local-prometheus] status=active active=True
2025-09-11 01:20:37,802 INFO [local-prometheus] status=active active=True
2025-09-11 01:20:47,810 INFO [local-prometheus] status=active active=True
2025-09-11 01:20:57,820 INFO [local-prometheus] status=active active=True
2025-09-11 01:21:07,829 INFO [local-prometheus] status=active active=True
2025-09-11 01:21:17,838 INFO [local-prometheus] status=active active=True
2025-09-11 01:21:27,845 INFO [local-prometheus] status=active active=True
2025-09-11 01:21:37,853 INFO [local-prometheus] status=active active=True
2025-09-11 01:21:47,862 INFO [local-prometheus] status=active active=True
2025-09-11 01:21:57,869 INFO [local-prometheus] status=active active=True
2025-09-11 01:22:07,877 INFO [local-prometheus] status=active active=True
2025-09-11 01:22:17,885 INFO [local-prometheus] status=active active=True
2025-09-11 01:22:27,894 INFO [local-prometheus] status=active active=True
2025-09-11 01:22:37,902 INFO [local-prometheus] status=active active=True
2025-09-11 01:22:47,908 INFO [local-prometheus] status=active active=True
2025-09-11 01:22:57,916 INFO [local-prometheus] status=active active=True
2025-09-11 01:23:07,923 INFO [local-prometheus] status=active active=True
2025-09-11 01:23:17,930 INFO [local-prometheus] status=active active=True
2025-09-11 01:23:27,939 INFO [local-prometheus] status=active active=True
2025-09-11 01:23:37,948 INFO [local-prometheus] status=active active=True
2025-09-11 01:23:47,955 INFO [local-prometheus] status=active active=True
2025-09-11 01:23:57,965 INFO [local-prometheus] status=active active=True
2025-09-11 01:24:07,974 INFO [local-prometheus] status=active active=True
2025-09-11 01:24:17,984 INFO [local-prometheus] status=active active=True
2025-09-11 01:24:27,993 INFO [local-prometheus] status=active active=True
2025-09-11 01:24:50,310 INFO Iniciando monitor con 1 targets
2025-09-11 01:24:50,315 INFO [local-prometheus] status=active active=True
2025-09-11 01:25:00,324 INFO [local-prometheus] status=active active=True
2025-09-11 01:25:10,330 INFO [local-prometheus] status=active active=True
2025-09-11 01:25:20,338 INFO [local-prometheus] status=active active=True
2025-09-11 01:25:30,347 INFO [local-prometheus] status=active active=True
2025-09-11 01:25:40,357 INFO [local-prometheus] status=inactive active=False
2025-09-11 01:25:40,357 WARNING [local-prometheus] servicio 'prometheus.service' no está activo (status=inactive). Intentando restart...
2025-09-11 01:25:43,985 INFO [local-prometheus] restart ejecutado correctamente
2025-09-11 01:25:50,994 INFO [local-prometheus] status=active active=True
2025-09-11 01:26:01,004 INFO [local-prometheus] status=active active=True
2025-09-11 01:26:11,014 INFO [local-prometheus] status=active active=True
2025-09-11 01:26:21,023 INFO [local-prometheus] status=active active=True
2025-09-11 01:26:31,033 INFO [local-prometheus] status=active active=True
2025-09-11 01:26:41,043 INFO [local-prometheus] status=active active=True
2025-09-11 18:10:10,693 INFO Iniciando monitor con 1 targets
2025-09-11 18:10:10,705 INFO [local-prometheus] status=active active=True
2025-09-11 18:10:20,721 INFO [local-prometheus] status=active active=True
2025-09-11 18:10:30,736 INFO [local-prometheus] status=active active=True
2025-09-11 18:10:40,749 INFO [local-prometheus] status=active active=True
2025-09-11 18:10:50,763 INFO [local-prometheus] status=active active=True
2025-09-11 18:11:00,776 INFO [local-prometheus] status=active active=True
2025-09-11 18:11:10,791 INFO [local-prometheus] status=active active=True
2025-09-11 18:11:20,806 INFO [local-prometheus] status=active active=True
2025-09-11 18:11:30,820 INFO [local-prometheus] status=active active=True
2025-09-11 18:11:40,835 INFO [local-prometheus] status=active active=True
2025-09-11 18:11:55,833 INFO Iniciando monitor con 1 targets
2025-09-11 18:11:55,849 INFO [local-my-sql] status=active active=True
2025-09-11 18:12:05,864 INFO [local-my-sql] status=active active=True
2025-09-11 18:12:15,878 INFO [local-my-sql] status=active active=True
2025-09-11 18:12:25,893 INFO [local-my-sql] status=active active=True
2025-09-11 18:12:35,908 INFO [local-my-sql] status=active active=True
2025-09-11 18:12:45,924 INFO [local-my-sql] status=active active=True
2025-09-11 18:12:55,938 INFO [local-my-sql] status=active active=True
2025-09-11 18:13:05,954 INFO [local-my-sql] status=inactive active=False
2025-09-11 18:13:05,954 WARNING [local-my-sql] servicio 'mysql.service' no está activo (status=inactive). Intentando restart...
2025-09-11 18:13:07,119 INFO [local-my-sql] restart ejecutado correctamente
2025-09-11 18:13:16,134 INFO [local-my-sql] status=active active=True
2025-09-11 18:13:26,149 INFO [local-my-sql] status=active active=True
2025-09-11 18:13:36,165 INFO [local-my-sql] status=active active=True
2025-09-11 18:13:46,179 INFO [local-my-sql] status=active active=True
2025-09-11 18:13:56,194 INFO [local-my-sql] status=active active=True
2025-09-11 18:14:06,210 INFO [local-my-sql] status=active active=True
2025-09-11 18:14:16,223 INFO [local-my-sql] status=inactive active=False
2025-09-11 18:14:16,224 WARNING [local-my-sql] servicio 'mysql.service' no está activo (status=inactive). Intentando restart...
2025-09-11 18:14:17,379 INFO [local-my-sql] restart ejecutado correctamente
2025-09-11 18:14:26,393 INFO [local-my-sql] status=active active=True
2025-09-11 18:14:36,408 INFO [local-my-sql] status=inactive active=False
2025-09-11 18:14:36,409 WARNING [local-my-sql] servicio 'mysql.service' no está activo (status=inactive). Intentando restart...
2025-09-11 18:14:37,578 INFO [local-my-sql] restart ejecutado correctamente
2025-09-11 18:14:46,593 INFO [local-my-sql] status=active active=True
2025-09-11 18:14:56,608 INFO [local-my-sql] status=active active=True
2025-09-11 18:15:06,622 INFO [local-my-sql] status=active active=True
2025-09-11 22:33:41,792 INFO Iniciando monitor con 2 targets
2025-09-11 22:33:41,804 INFO [local-my-sql] status=active active=True
2025-09-11 22:33:41,816 INFO [local-prometheus] status=active active=True
2025-09-11 22:33:51,830 INFO [local-my-sql] status=active active=True
2025-09-11 22:34:01,843 INFO [local-my-sql] status=active active=True
2025-09-11 22:34:01,856 INFO [local-prometheus] status=active active=True
2025-09-11 22:34:11,867 INFO [local-my-sql] status=active active=True
2025-09-11 22:34:21,882 INFO [local-my-sql] status=active active=True
2025-09-11 22:34:21,899 INFO [local-prometheus] status=active active=True
2025-09-11 22:34:31,913 INFO [local-my-sql] status=active active=True
2025-09-11 22:34:41,927 INFO [local-my-sql] status=active active=True
2025-09-11 22:34:41,937 INFO [local-prometheus] status=active active=True
2025-09-11 22:34:51,950 INFO [local-my-sql] status=active active=True
2025-09-11 22:35:01,964 INFO [local-my-sql] status=active active=True
2025-09-11 22:35:01,976 INFO [local-prometheus] status=active active=True
2025-09-11 22:35:11,993 INFO [local-my-sql] status=active active=True
2025-09-11 22:35:22,007 INFO [local-my-sql] status=active active=True
2025-09-11 22:35:22,019 INFO [local-prometheus] status=active active=True
2025-09-11 22:35:32,030 INFO [local-my-sql] status=active active=True
2025-09-11 22:35:42,044 INFO [local-my-sql] status=active active=True
2025-09-11 22:35:42,055 INFO [local-prometheus] status=active active=True
2025-09-11 22:35:52,069 INFO [local-my-sql] status=active active=True
2025-09-11 22:36:02,083 INFO [local-my-sql] status=active active=True
2025-09-11 22:36:02,095 INFO [local-prometheus] status=active active=True
2025-09-11 22:36:12,109 INFO [local-my-sql] status=active active=True
2025-09-11 22:36:22,121 INFO [local-my-sql] status=active active=True
2025-09-11 22:36:22,133 INFO [local-prometheus] status=active active=True
2025-09-11 22:36:32,146 INFO [local-my-sql] status=active active=True
2025-09-11 22:36:42,160 INFO [local-my-sql] status=active active=True
2025-09-11 22:36:42,171 INFO [local-prometheus] status=active active=True
2025-09-11 22:36:52,185 INFO [local-my-sql] status=active active=True
2025-09-11 22:37:02,195 INFO [local-my-sql] status=inactive active=False
2025-09-11 22:37:02,196 WARNING [local-my-sql] servicio 'mysql.service' no está activo (status=inactive). Intentando restart...
2025-09-11 22:37:03,401 INFO [local-my-sql] restart ejecutado correctamente
2025-09-11 22:37:03,413 INFO [local-prometheus] status=active active=True
2025-09-11 22:37:12,426 INFO [local-my-sql] status=active active=True
2025-09-11 22:37:22,439 INFO [local-my-sql] status=active active=True
2025-09-11 22:37:22,450 INFO [local-prometheus] status=active active=True
2025-09-11 22:37:32,465 INFO [local-my-sql] status=active active=True
2025-09-11 22:37:42,479 INFO [local-my-sql] status=active active=True
2025-09-11 22:37:42,490 INFO [local-prometheus] status=active active=True
2025-09-11 22:37:52,503 INFO [local-my-sql] status=active active=True
2025-09-11 22:38:02,520 INFO [local-my-sql] status=active active=True
2025-09-11 22:38:02,532 INFO [local-prometheus] status=active active=True
2025-09-11 22:38:12,546 INFO [local-my-sql] status=active active=True
